{"D:\\captive\\captive presentation\\html\\lib\\brightlink-gesture.js": {"path":"D:\\captive\\captive presentation\\html\\lib\\brightlink-gesture.js","statementMap":{"0":{"start":{"line":40,"column":8},"end":{"line":40,"column":38}},"1":{"start":{"line":41,"column":8},"end":{"line":41,"column":39}},"2":{"start":{"line":42,"column":8},"end":{"line":42,"column":40}},"3":{"start":{"line":43,"column":8},"end":{"line":43,"column":68}},"4":{"start":{"line":44,"column":8},"end":{"line":44,"column":36}},"5":{"start":{"line":45,"column":8},"end":{"line":45,"column":34}},"6":{"start":{"line":46,"column":8},"end":{"line":46,"column":34}},"7":{"start":{"line":47,"column":8},"end":{"line":47,"column":37}},"8":{"start":{"line":48,"column":8},"end":{"line":48,"column":42}},"9":{"start":{"line":58,"column":8},"end":{"line":58,"column":34}},"10":{"start":{"line":59,"column":8},"end":{"line":59,"column":37}},"11":{"start":{"line":60,"column":8},"end":{"line":60,"column":42}},"12":{"start":{"line":61,"column":32},"end":{"line":68,"column":10}},"13":{"start":{"line":62,"column":12},"end":{"line":67,"column":13}},"14":{"start":{"line":63,"column":16},"end":{"line":63,"column":53}},"15":{"start":{"line":65,"column":16},"end":{"line":65,"column":38}},"16":{"start":{"line":66,"column":16},"end":{"line":66,"column":51}},"17":{"start":{"line":69,"column":8},"end":{"line":69,"column":33}},"18":{"start":{"line":76,"column":8},"end":{"line":88,"column":9}},"19":{"start":{"line":77,"column":12},"end":{"line":85,"column":18}},"20":{"start":{"line":79,"column":20},"end":{"line":84,"column":21}},"21":{"start":{"line":80,"column":24},"end":{"line":80,"column":46}},"22":{"start":{"line":81,"column":24},"end":{"line":81,"column":59}},"23":{"start":{"line":83,"column":24},"end":{"line":83,"column":62}},"24":{"start":{"line":87,"column":12},"end":{"line":87,"column":47}},"25":{"start":{"line":96,"column":8},"end":{"line":96,"column":34}},"26":{"start":{"line":97,"column":8},"end":{"line":97,"column":47}},"27":{"start":{"line":109,"column":8},"end":{"line":115,"column":9}},"28":{"start":{"line":110,"column":12},"end":{"line":110,"column":61}},"29":{"start":{"line":111,"column":15},"end":{"line":115,"column":9}},"30":{"start":{"line":112,"column":12},"end":{"line":112,"column":63}},"31":{"start":{"line":113,"column":15},"end":{"line":115,"column":9}},"32":{"start":{"line":114,"column":12},"end":{"line":114,"column":53}},"33":{"start":{"line":127,"column":8},"end":{"line":133,"column":9}},"34":{"start":{"line":128,"column":12},"end":{"line":131,"column":13}},"35":{"start":{"line":129,"column":16},"end":{"line":129,"column":61}},"36":{"start":{"line":130,"column":16},"end":{"line":130,"column":44}},"37":{"start":{"line":132,"column":12},"end":{"line":132,"column":38}},"38":{"start":{"line":140,"column":8},"end":{"line":142,"column":9}},"39":{"start":{"line":141,"column":12},"end":{"line":141,"column":45}},"40":{"start":{"line":143,"column":8},"end":{"line":147,"column":33}},"41":{"start":{"line":144,"column":12},"end":{"line":144,"column":45}},"42":{"start":{"line":145,"column":12},"end":{"line":145,"column":39}},"43":{"start":{"line":146,"column":12},"end":{"line":146,"column":61}},"44":{"start":{"line":154,"column":8},"end":{"line":163,"column":9}},"45":{"start":{"line":155,"column":12},"end":{"line":155,"column":39}},"46":{"start":{"line":156,"column":12},"end":{"line":162,"column":13}},"47":{"start":{"line":157,"column":31},"end":{"line":157,"column":75}},"48":{"start":{"line":158,"column":31},"end":{"line":158,"column":75}},"49":{"start":{"line":159,"column":31},"end":{"line":159,"column":75}},"50":{"start":{"line":160,"column":16},"end":{"line":160,"column":52}},"51":{"start":{"line":161,"column":16},"end":{"line":161,"column":71}},"52":{"start":{"line":166,"column":0},"end":{"line":166,"column":42}},"53":{"start":{"line":167,"column":0},"end":{"line":167,"column":42}}},"fnMap":{"0":{"name":"(anonymous_0)","decl":{"start":{"line":39,"column":4},"end":{"line":39,"column":5}},"loc":{"start":{"line":39,"column":18},"end":{"line":49,"column":5}},"line":39},"1":{"name":"(anonymous_1)","decl":{"start":{"line":57,"column":4},"end":{"line":57,"column":5}},"loc":{"start":{"line":57,"column":27},"end":{"line":70,"column":5}},"line":57},"2":{"name":"(anonymous_2)","decl":{"start":{"line":61,"column":44},"end":{"line":61,"column":45}},"loc":{"start":{"line":61,"column":57},"end":{"line":68,"column":9}},"line":61},"3":{"name":"(anonymous_3)","decl":{"start":{"line":75,"column":4},"end":{"line":75,"column":5}},"loc":{"start":{"line":75,"column":36},"end":{"line":89,"column":5}},"line":75},"4":{"name":"(anonymous_4)","decl":{"start":{"line":78,"column":22},"end":{"line":78,"column":23}},"loc":{"start":{"line":78,"column":41},"end":{"line":85,"column":17}},"line":78},"5":{"name":"(anonymous_5)","decl":{"start":{"line":95,"column":4},"end":{"line":95,"column":5}},"loc":{"start":{"line":95,"column":33},"end":{"line":98,"column":5}},"line":95},"6":{"name":"(anonymous_6)","decl":{"start":{"line":108,"column":4},"end":{"line":108,"column":5}},"loc":{"start":{"line":108,"column":35},"end":{"line":116,"column":5}},"line":108},"7":{"name":"(anonymous_7)","decl":{"start":{"line":126,"column":4},"end":{"line":126,"column":5}},"loc":{"start":{"line":126,"column":54},"end":{"line":134,"column":5}},"line":126},"8":{"name":"(anonymous_8)","decl":{"start":{"line":139,"column":4},"end":{"line":139,"column":5}},"loc":{"start":{"line":139,"column":24},"end":{"line":148,"column":5}},"line":139},"9":{"name":"(anonymous_9)","decl":{"start":{"line":143,"column":40},"end":{"line":143,"column":41}},"loc":{"start":{"line":143,"column":44},"end":{"line":147,"column":9}},"line":143},"10":{"name":"(anonymous_10)","decl":{"start":{"line":153,"column":4},"end":{"line":153,"column":5}},"loc":{"start":{"line":153,"column":21},"end":{"line":164,"column":5}},"line":153},"11":{"name":"(anonymous_11)","decl":{"start":{"line":156,"column":36},"end":{"line":156,"column":37}},"loc":{"start":{"line":156,"column":43},"end":{"line":162,"column":13}},"line":156}},"branchMap":{"0":{"loc":{"start":{"line":62,"column":12},"end":{"line":67,"column":13}},"type":"if","locations":[{"start":{"line":62,"column":12},"end":{"line":67,"column":13}},{"start":{"line":62,"column":12},"end":{"line":67,"column":13}}],"line":62},"1":{"loc":{"start":{"line":62,"column":16},"end":{"line":62,"column":101}},"type":"binary-expr","locations":[{"start":{"line":62,"column":17},"end":{"line":62,"column":61}},{"start":{"line":62,"column":66},"end":{"line":62,"column":101}}],"line":62},"2":{"loc":{"start":{"line":76,"column":8},"end":{"line":88,"column":9}},"type":"if","locations":[{"start":{"line":76,"column":8},"end":{"line":88,"column":9}},{"start":{"line":76,"column":8},"end":{"line":88,"column":9}}],"line":76},"3":{"loc":{"start":{"line":79,"column":20},"end":{"line":84,"column":21}},"type":"if","locations":[{"start":{"line":79,"column":20},"end":{"line":84,"column":21}},{"start":{"line":79,"column":20},"end":{"line":84,"column":21}}],"line":79},"4":{"loc":{"start":{"line":109,"column":8},"end":{"line":115,"column":9}},"type":"if","locations":[{"start":{"line":109,"column":8},"end":{"line":115,"column":9}},{"start":{"line":109,"column":8},"end":{"line":115,"column":9}}],"line":109},"5":{"loc":{"start":{"line":110,"column":12},"end":{"line":110,"column":60}},"type":"binary-expr","locations":[{"start":{"line":110,"column":12},"end":{"line":110,"column":33}},{"start":{"line":110,"column":37},"end":{"line":110,"column":60}}],"line":110},"6":{"loc":{"start":{"line":111,"column":15},"end":{"line":115,"column":9}},"type":"if","locations":[{"start":{"line":111,"column":15},"end":{"line":115,"column":9}},{"start":{"line":111,"column":15},"end":{"line":115,"column":9}}],"line":111},"7":{"loc":{"start":{"line":112,"column":12},"end":{"line":112,"column":62}},"type":"binary-expr","locations":[{"start":{"line":112,"column":12},"end":{"line":112,"column":34}},{"start":{"line":112,"column":38},"end":{"line":112,"column":62}}],"line":112},"8":{"loc":{"start":{"line":113,"column":15},"end":{"line":115,"column":9}},"type":"if","locations":[{"start":{"line":113,"column":15},"end":{"line":115,"column":9}},{"start":{"line":113,"column":15},"end":{"line":115,"column":9}}],"line":113},"9":{"loc":{"start":{"line":114,"column":12},"end":{"line":114,"column":52}},"type":"binary-expr","locations":[{"start":{"line":114,"column":12},"end":{"line":114,"column":29}},{"start":{"line":114,"column":33},"end":{"line":114,"column":52}}],"line":114},"10":{"loc":{"start":{"line":127,"column":8},"end":{"line":133,"column":9}},"type":"if","locations":[{"start":{"line":127,"column":8},"end":{"line":133,"column":9}},{"start":{"line":127,"column":8},"end":{"line":133,"column":9}}],"line":127},"11":{"loc":{"start":{"line":127,"column":12},"end":{"line":127,"column":131}},"type":"binary-expr","locations":[{"start":{"line":127,"column":12},"end":{"line":127,"column":49}},{"start":{"line":127,"column":53},"end":{"line":127,"column":90}},{"start":{"line":127,"column":94},"end":{"line":127,"column":131}}],"line":127},"12":{"loc":{"start":{"line":128,"column":12},"end":{"line":131,"column":13}},"type":"if","locations":[{"start":{"line":128,"column":12},"end":{"line":131,"column":13}},{"start":{"line":128,"column":12},"end":{"line":131,"column":13}}],"line":128},"13":{"loc":{"start":{"line":129,"column":16},"end":{"line":129,"column":60}},"type":"binary-expr","locations":[{"start":{"line":129,"column":16},"end":{"line":129,"column":35}},{"start":{"line":129,"column":39},"end":{"line":129,"column":60}}],"line":129},"14":{"loc":{"start":{"line":140,"column":8},"end":{"line":142,"column":9}},"type":"if","locations":[{"start":{"line":140,"column":8},"end":{"line":142,"column":9}},{"start":{"line":140,"column":8},"end":{"line":142,"column":9}}],"line":140},"15":{"loc":{"start":{"line":146,"column":12},"end":{"line":146,"column":60}},"type":"binary-expr","locations":[{"start":{"line":146,"column":12},"end":{"line":146,"column":33}},{"start":{"line":146,"column":37},"end":{"line":146,"column":60}}],"line":146},"16":{"loc":{"start":{"line":154,"column":8},"end":{"line":163,"column":9}},"type":"if","locations":[{"start":{"line":154,"column":8},"end":{"line":163,"column":9}},{"start":{"line":154,"column":8},"end":{"line":163,"column":9}}],"line":154},"17":{"loc":{"start":{"line":154,"column":12},"end":{"line":154,"column":71}},"type":"binary-expr","locations":[{"start":{"line":154,"column":12},"end":{"line":154,"column":49}},{"start":{"line":154,"column":53},"end":{"line":154,"column":71}}],"line":154}},"s":{"0":1,"1":1,"2":1,"3":1,"4":1,"5":1,"6":1,"7":1,"8":1,"9":2,"10":2,"11":2,"12":2,"13":2,"14":0,"15":2,"16":2,"17":2,"18":0,"19":0,"20":0,"21":0,"22":0,"23":0,"24":0,"25":2,"26":2,"27":0,"28":0,"29":0,"30":0,"31":0,"32":0,"33":0,"34":0,"35":0,"36":0,"37":0,"38":2,"39":1,"40":2,"41":0,"42":0,"43":0,"44":2,"45":2,"46":2,"47":0,"48":0,"49":0,"50":0,"51":0,"52":1,"53":1},"f":{"0":1,"1":2,"2":2,"3":0,"4":0,"5":2,"6":0,"7":0,"8":2,"9":0,"10":2,"11":0},"b":{"0":[0,2],"1":[2,0],"2":[0,0],"3":[0,0],"4":[0,0],"5":[0,0],"6":[0,0],"7":[0,0],"8":[0,0],"9":[0,0],"10":[0,0],"11":[0,0,0],"12":[0,0],"13":[0,0],"14":[1,1],"15":[0,0],"16":[2,0],"17":[2,2]},"_coverageSchema":"1a1c01bbd47fc00a2c39e90264f33305004495a9","hash":"78971926ea76acfb26993af8f81454235d6157a0"}
}
