TN:
SF:brightlink-gesture.js
FN:39,(anonymous_0)
FN:57,(anonymous_1)
FN:61,(anonymous_2)
FN:75,(anonymous_3)
FN:78,(anonymous_4)
FN:95,(anonymous_5)
FN:108,(anonymous_6)
FN:126,(anonymous_7)
FN:139,(anonymous_8)
FN:143,(anonymous_9)
FN:153,(anonymous_10)
FN:156,(anonymous_11)
FNF:12
FNH:6
FNDA:1,(anonymous_0)
FNDA:2,(anonymous_1)
FNDA:2,(anonymous_2)
FNDA:0,(anonymous_3)
FNDA:0,(anonymous_4)
FNDA:2,(anonymous_5)
FNDA:0,(anonymous_6)
FNDA:0,(anonymous_7)
FNDA:2,(anonymous_8)
FNDA:0,(anonymous_9)
FNDA:2,(anonymous_10)
FNDA:0,(anonymous_11)
DA:40,1
DA:41,1
DA:42,1
DA:43,1
DA:44,1
DA:45,1
DA:46,1
DA:47,1
DA:48,1
DA:58,2
DA:59,2
DA:60,2
DA:61,2
DA:62,2
DA:63,0
DA:65,2
DA:66,2
DA:69,2
DA:76,0
DA:77,0
DA:79,0
DA:80,0
DA:81,0
DA:83,0
DA:87,0
DA:96,2
DA:97,2
DA:109,0
DA:110,0
DA:111,0
DA:112,0
DA:113,0
DA:114,0
DA:127,0
DA:128,0
DA:129,0
DA:130,0
DA:132,0
DA:140,2
DA:141,1
DA:143,2
DA:144,0
DA:145,0
DA:146,0
DA:154,2
DA:155,2
DA:156,2
DA:157,0
DA:158,0
DA:159,0
DA:160,0
DA:161,0
DA:166,1
DA:167,1
LF:54
LH:27
BRDA:62,0,0,0
BRDA:62,0,1,2
BRDA:62,1,0,2
BRDA:62,1,1,0
BRDA:76,2,0,0
BRDA:76,2,1,0
BRDA:79,3,0,0
BRDA:79,3,1,0
BRDA:109,4,0,0
BRDA:109,4,1,0
BRDA:110,5,0,0
BRDA:110,5,1,0
BRDA:111,6,0,0
BRDA:111,6,1,0
BRDA:112,7,0,0
BRDA:112,7,1,0
BRDA:113,8,0,0
BRDA:113,8,1,0
BRDA:114,9,0,0
BRDA:114,9,1,0
BRDA:127,10,0,0
BRDA:127,10,1,0
BRDA:127,11,0,0
BRDA:127,11,1,0
BRDA:127,11,2,0
BRDA:128,12,0,0
BRDA:128,12,1,0
BRDA:129,13,0,0
BRDA:129,13,1,0
BRDA:140,14,0,1
BRDA:140,14,1,1
BRDA:146,15,0,0
BRDA:146,15,1,0
BRDA:154,16,0,2
BRDA:154,16,1,0
BRDA:154,17,0,2
BRDA:154,17,1,2
BRF:37
BRH:7
end_of_record
